{"C:\\Users\\mahes\\Desktop\\mahi\\app.js": {"path":"C:\\Users\\mahes\\Desktop\\mahi\\app.js","statementMap":{"0":{"start":{"line":1,"column":16},"end":{"line":1,"column":34}},"1":{"start":{"line":2,"column":15},"end":{"line":2,"column":32}},"2":{"start":{"line":3,"column":13},"end":{"line":3,"column":29}},"3":{"start":{"line":4,"column":19},"end":{"line":4,"column":41}},"4":{"start":{"line":5,"column":37},"end":{"line":5,"column":56}},"5":{"start":{"line":6,"column":21},"end":{"line":6,"column":45}},"6":{"start":{"line":7,"column":13},"end":{"line":7,"column":28}},"7":{"start":{"line":8,"column":12},"end":{"line":8,"column":21}},"8":{"start":{"line":9,"column":19},"end":{"line":9,"column":21}},"9":{"start":{"line":10,"column":14},"end":{"line":10,"column":38}},"10":{"start":{"line":11,"column":17},"end":{"line":11,"column":36}},"11":{"start":{"line":12,"column":27},"end":{"line":12,"column":58}},"12":{"start":{"line":13,"column":16},"end":{"line":13,"column":42}},"13":{"start":{"line":14,"column":22},"end":{"line":14,"column":56}},"14":{"start":{"line":16,"column":0},"end":{"line":16,"column":27}},"15":{"start":{"line":17,"column":0},"end":{"line":17,"column":52}},"16":{"start":{"line":18,"column":0},"end":{"line":18,"column":24}},"17":{"start":{"line":19,"column":0},"end":{"line":19,"column":32}},"18":{"start":{"line":20,"column":0},"end":{"line":20,"column":17}},"19":{"start":{"line":22,"column":0},"end":{"line":22,"column":30}},"20":{"start":{"line":23,"column":0},"end":{"line":23,"column":48}},"21":{"start":{"line":25,"column":0},"end":{"line":30,"column":4}},"22":{"start":{"line":32,"column":0},"end":{"line":32,"column":31}},"23":{"start":{"line":33,"column":0},"end":{"line":33,"column":28}},"24":{"start":{"line":36,"column":0},"end":{"line":53,"column":4}},"25":{"start":{"line":40,"column":2},"end":{"line":52,"column":3}},"26":{"start":{"line":41,"column":17},"end":{"line":41,"column":67}},"27":{"start":{"line":42,"column":4},"end":{"line":44,"column":5}},"28":{"start":{"line":43,"column":6},"end":{"line":43,"column":62}},"29":{"start":{"line":45,"column":28},"end":{"line":45,"column":73}},"30":{"start":{"line":46,"column":4},"end":{"line":48,"column":5}},"31":{"start":{"line":47,"column":6},"end":{"line":47,"column":64}},"32":{"start":{"line":49,"column":4},"end":{"line":49,"column":28}},"33":{"start":{"line":51,"column":4},"end":{"line":51,"column":23}},"34":{"start":{"line":55,"column":0},"end":{"line":57,"column":3}},"35":{"start":{"line":56,"column":2},"end":{"line":56,"column":22}},"36":{"start":{"line":59,"column":0},"end":{"line":69,"column":3}},"37":{"start":{"line":60,"column":2},"end":{"line":68,"column":3}},"38":{"start":{"line":61,"column":17},"end":{"line":61,"column":40}},"39":{"start":{"line":62,"column":4},"end":{"line":64,"column":5}},"40":{"start":{"line":63,"column":6},"end":{"line":63,"column":31}},"41":{"start":{"line":65,"column":4},"end":{"line":65,"column":21}},"42":{"start":{"line":67,"column":4},"end":{"line":67,"column":23}},"43":{"start":{"line":72,"column":0},"end":{"line":75,"column":3}},"44":{"start":{"line":73,"column":2},"end":{"line":73,"column":47}},"45":{"start":{"line":74,"column":2},"end":{"line":74,"column":9}},"46":{"start":{"line":79,"column":0},"end":{"line":81,"column":3}},"47":{"start":{"line":80,"column":2},"end":{"line":80,"column":55}},"48":{"start":{"line":83,"column":0},"end":{"line":87,"column":3}},"49":{"start":{"line":84,"column":2},"end":{"line":86,"column":5}},"50":{"start":{"line":89,"column":0},"end":{"line":112,"column":3}},"51":{"start":{"line":90,"column":2},"end":{"line":111,"column":3}},"52":{"start":{"line":91,"column":59},"end":{"line":91,"column":67}},"53":{"start":{"line":93,"column":4},"end":{"line":95,"column":5}},"54":{"start":{"line":94,"column":6},"end":{"line":94,"column":73}},"55":{"start":{"line":97,"column":22},"end":{"line":97,"column":61}},"56":{"start":{"line":99,"column":20},"end":{"line":105,"column":6}},"57":{"start":{"line":107,"column":4},"end":{"line":107,"column":56}},"58":{"start":{"line":109,"column":4},"end":{"line":109,"column":57}},"59":{"start":{"line":110,"column":4},"end":{"line":110,"column":87}},"60":{"start":{"line":114,"column":0},"end":{"line":116,"column":3}},"61":{"start":{"line":115,"column":2},"end":{"line":115,"column":54}},"62":{"start":{"line":118,"column":0},"end":{"line":129,"column":3}},"63":{"start":{"line":122,"column":2},"end":{"line":128,"column":3}},"64":{"start":{"line":123,"column":4},"end":{"line":123,"column":36}},"65":{"start":{"line":124,"column":9},"end":{"line":128,"column":3}},"66":{"start":{"line":125,"column":4},"end":{"line":125,"column":37}},"67":{"start":{"line":127,"column":4},"end":{"line":127,"column":41}},"68":{"start":{"line":132,"column":0},"end":{"line":137,"column":3}},"69":{"start":{"line":133,"column":2},"end":{"line":135,"column":3}},"70":{"start":{"line":134,"column":4},"end":{"line":134,"column":48}},"71":{"start":{"line":136,"column":2},"end":{"line":136,"column":61}},"72":{"start":{"line":140,"column":0},"end":{"line":163,"column":3}},"73":{"start":{"line":141,"column":2},"end":{"line":143,"column":3}},"74":{"start":{"line":142,"column":4},"end":{"line":142,"column":48}},"75":{"start":{"line":145,"column":2},"end":{"line":162,"column":3}},"76":{"start":{"line":146,"column":66},"end":{"line":146,"column":74}},"77":{"start":{"line":148,"column":21},"end":{"line":156,"column":6}},"78":{"start":{"line":158,"column":4},"end":{"line":158,"column":36}},"79":{"start":{"line":160,"column":4},"end":{"line":160,"column":58}},"80":{"start":{"line":161,"column":4},"end":{"line":161,"column":50}},"81":{"start":{"line":166,"column":0},"end":{"line":183,"column":3}},"82":{"start":{"line":167,"column":2},"end":{"line":169,"column":3}},"83":{"start":{"line":168,"column":4},"end":{"line":168,"column":48}},"84":{"start":{"line":171,"column":2},"end":{"line":182,"column":3}},"85":{"start":{"line":172,"column":18},"end":{"line":172,"column":93}},"86":{"start":{"line":174,"column":4},"end":{"line":176,"column":5}},"87":{"start":{"line":175,"column":6},"end":{"line":175,"column":53}},"88":{"start":{"line":178,"column":4},"end":{"line":178,"column":68}},"89":{"start":{"line":180,"column":4},"end":{"line":180,"column":58}},"90":{"start":{"line":181,"column":4},"end":{"line":181,"column":50}},"91":{"start":{"line":186,"column":0},"end":{"line":213,"column":3}},"92":{"start":{"line":187,"column":2},"end":{"line":189,"column":3}},"93":{"start":{"line":188,"column":4},"end":{"line":188,"column":48}},"94":{"start":{"line":191,"column":2},"end":{"line":212,"column":3}},"95":{"start":{"line":192,"column":66},"end":{"line":192,"column":74}},"96":{"start":{"line":193,"column":18},"end":{"line":193,"column":93}},"97":{"start":{"line":195,"column":4},"end":{"line":197,"column":5}},"98":{"start":{"line":196,"column":6},"end":{"line":196,"column":53}},"99":{"start":{"line":199,"column":4},"end":{"line":199,"column":24}},"100":{"start":{"line":200,"column":4},"end":{"line":200,"column":22}},"101":{"start":{"line":201,"column":4},"end":{"line":201,"column":22}},"102":{"start":{"line":202,"column":4},"end":{"line":202,"column":24}},"103":{"start":{"line":203,"column":4},"end":{"line":203,"column":34}},"104":{"start":{"line":204,"column":4},"end":{"line":204,"column":36}},"105":{"start":{"line":206,"column":4},"end":{"line":206,"column":23}},"106":{"start":{"line":208,"column":4},"end":{"line":208,"column":36}},"107":{"start":{"line":210,"column":4},"end":{"line":210,"column":58}},"108":{"start":{"line":211,"column":4},"end":{"line":211,"column":50}},"109":{"start":{"line":216,"column":0},"end":{"line":235,"column":3}},"110":{"start":{"line":217,"column":2},"end":{"line":219,"column":3}},"111":{"start":{"line":218,"column":4},"end":{"line":218,"column":48}},"112":{"start":{"line":221,"column":2},"end":{"line":234,"column":3}},"113":{"start":{"line":222,"column":18},"end":{"line":222,"column":93}},"114":{"start":{"line":224,"column":4},"end":{"line":226,"column":5}},"115":{"start":{"line":225,"column":6},"end":{"line":225,"column":53}},"116":{"start":{"line":228,"column":4},"end":{"line":228,"column":26}},"117":{"start":{"line":230,"column":4},"end":{"line":230,"column":36}},"118":{"start":{"line":232,"column":4},"end":{"line":232,"column":58}},"119":{"start":{"line":233,"column":4},"end":{"line":233,"column":50}},"120":{"start":{"line":238,"column":0},"end":{"line":250,"column":3}},"121":{"start":{"line":239,"column":2},"end":{"line":241,"column":3}},"122":{"start":{"line":240,"column":4},"end":{"line":240,"column":48}},"123":{"start":{"line":243,"column":2},"end":{"line":249,"column":3}},"124":{"start":{"line":244,"column":19},"end":{"line":244,"column":75}},"125":{"start":{"line":245,"column":4},"end":{"line":245,"column":88}},"126":{"start":{"line":247,"column":4},"end":{"line":247,"column":59}},"127":{"start":{"line":248,"column":4},"end":{"line":248,"column":50}},"128":{"start":{"line":253,"column":0},"end":{"line":268,"column":3}},"129":{"start":{"line":254,"column":2},"end":{"line":256,"column":3}},"130":{"start":{"line":255,"column":4},"end":{"line":255,"column":48}},"131":{"start":{"line":258,"column":2},"end":{"line":267,"column":3}},"132":{"start":{"line":259,"column":19},"end":{"line":259,"column":40}},"133":{"start":{"line":260,"column":25},"end":{"line":260,"column":88}},"134":{"start":{"line":261,"column":27},"end":{"line":261,"column":61}},"135":{"start":{"line":261,"column":50},"end":{"line":261,"column":60}},"136":{"start":{"line":263,"column":4},"end":{"line":263,"column":105}},"137":{"start":{"line":265,"column":4},"end":{"line":265,"column":59}},"138":{"start":{"line":266,"column":4},"end":{"line":266,"column":50}},"139":{"start":{"line":271,"column":0},"end":{"line":291,"column":3}},"140":{"start":{"line":272,"column":2},"end":{"line":274,"column":3}},"141":{"start":{"line":273,"column":4},"end":{"line":273,"column":48}},"142":{"start":{"line":276,"column":2},"end":{"line":290,"column":3}},"143":{"start":{"line":277,"column":19},"end":{"line":277,"column":29}},"144":{"start":{"line":278,"column":18},"end":{"line":278,"column":42}},"145":{"start":{"line":280,"column":4},"end":{"line":282,"column":5}},"146":{"start":{"line":281,"column":6},"end":{"line":281,"column":53}},"147":{"start":{"line":284,"column":4},"end":{"line":284,"column":69}},"148":{"start":{"line":286,"column":4},"end":{"line":286,"column":37}},"149":{"start":{"line":288,"column":4},"end":{"line":288,"column":57}},"150":{"start":{"line":289,"column":4},"end":{"line":289,"column":50}},"151":{"start":{"line":294,"column":0},"end":{"line":314,"column":3}},"152":{"start":{"line":295,"column":2},"end":{"line":297,"column":3}},"153":{"start":{"line":296,"column":4},"end":{"line":296,"column":48}},"154":{"start":{"line":299,"column":2},"end":{"line":313,"column":3}},"155":{"start":{"line":300,"column":19},"end":{"line":300,"column":29}},"156":{"start":{"line":301,"column":24},"end":{"line":301,"column":100}},"157":{"start":{"line":303,"column":4},"end":{"line":305,"column":5}},"158":{"start":{"line":304,"column":6},"end":{"line":304,"column":72}},"159":{"start":{"line":307,"column":4},"end":{"line":307,"column":32}},"160":{"start":{"line":309,"column":4},"end":{"line":309,"column":37}},"161":{"start":{"line":311,"column":4},"end":{"line":311,"column":59}},"162":{"start":{"line":312,"column":4},"end":{"line":312,"column":50}},"163":{"start":{"line":316,"column":0},"end":{"line":324,"column":3}},"164":{"start":{"line":317,"column":2},"end":{"line":323,"column":5}},"165":{"start":{"line":318,"column":4},"end":{"line":321,"column":5}},"166":{"start":{"line":319,"column":6},"end":{"line":319,"column":47}},"167":{"start":{"line":320,"column":6},"end":{"line":320,"column":59}},"168":{"start":{"line":322,"column":4},"end":{"line":322,"column":22}},"169":{"start":{"line":327,"column":0},"end":{"line":327,"column":21}}},"fnMap":{"0":{"name":"(anonymous_0)","decl":{"start":{"line":39,"column":3},"end":{"line":39,"column":4}},"loc":{"start":{"line":39,"column":39},"end":{"line":53,"column":1}},"line":39},"1":{"name":"(anonymous_1)","decl":{"start":{"line":55,"column":23},"end":{"line":55,"column":24}},"loc":{"start":{"line":55,"column":39},"end":{"line":57,"column":1}},"line":55},"2":{"name":"(anonymous_2)","decl":{"start":{"line":59,"column":25},"end":{"line":59,"column":26}},"loc":{"start":{"line":59,"column":45},"end":{"line":69,"column":1}},"line":59},"3":{"name":"(anonymous_3)","decl":{"start":{"line":72,"column":8},"end":{"line":72,"column":9}},"loc":{"start":{"line":72,"column":28},"end":{"line":75,"column":1}},"line":72},"4":{"name":"(anonymous_4)","decl":{"start":{"line":79,"column":19},"end":{"line":79,"column":20}},"loc":{"start":{"line":79,"column":33},"end":{"line":81,"column":1}},"line":79},"5":{"name":"(anonymous_5)","decl":{"start":{"line":83,"column":13},"end":{"line":83,"column":14}},"loc":{"start":{"line":83,"column":27},"end":{"line":87,"column":1}},"line":83},"6":{"name":"(anonymous_6)","decl":{"start":{"line":89,"column":27},"end":{"line":89,"column":28}},"loc":{"start":{"line":89,"column":47},"end":{"line":112,"column":1}},"line":89},"7":{"name":"(anonymous_7)","decl":{"start":{"line":114,"column":19},"end":{"line":114,"column":20}},"loc":{"start":{"line":114,"column":33},"end":{"line":116,"column":1}},"line":114},"8":{"name":"(anonymous_8)","decl":{"start":{"line":121,"column":4},"end":{"line":121,"column":5}},"loc":{"start":{"line":121,"column":18},"end":{"line":129,"column":1}},"line":121},"9":{"name":"(anonymous_9)","decl":{"start":{"line":132,"column":62},"end":{"line":132,"column":63}},"loc":{"start":{"line":132,"column":76},"end":{"line":137,"column":1}},"line":132},"10":{"name":"(anonymous_10)","decl":{"start":{"line":140,"column":63},"end":{"line":140,"column":64}},"loc":{"start":{"line":140,"column":83},"end":{"line":163,"column":1}},"line":140},"11":{"name":"(anonymous_11)","decl":{"start":{"line":166,"column":64},"end":{"line":166,"column":65}},"loc":{"start":{"line":166,"column":84},"end":{"line":183,"column":1}},"line":166},"12":{"name":"(anonymous_12)","decl":{"start":{"line":186,"column":65},"end":{"line":186,"column":66}},"loc":{"start":{"line":186,"column":85},"end":{"line":213,"column":1}},"line":186},"13":{"name":"(anonymous_13)","decl":{"start":{"line":216,"column":67},"end":{"line":216,"column":68}},"loc":{"start":{"line":216,"column":87},"end":{"line":235,"column":1}},"line":216},"14":{"name":"(anonymous_14)","decl":{"start":{"line":238,"column":64},"end":{"line":238,"column":65}},"loc":{"start":{"line":238,"column":84},"end":{"line":250,"column":1}},"line":238},"15":{"name":"(anonymous_15)","decl":{"start":{"line":253,"column":65},"end":{"line":253,"column":66}},"loc":{"start":{"line":253,"column":85},"end":{"line":268,"column":1}},"line":253},"16":{"name":"(anonymous_16)","decl":{"start":{"line":261,"column":44},"end":{"line":261,"column":45}},"loc":{"start":{"line":261,"column":50},"end":{"line":261,"column":60}},"line":261},"17":{"name":"(anonymous_17)","decl":{"start":{"line":271,"column":65},"end":{"line":271,"column":66}},"loc":{"start":{"line":271,"column":85},"end":{"line":291,"column":1}},"line":271},"18":{"name":"(anonymous_18)","decl":{"start":{"line":294,"column":67},"end":{"line":294,"column":68}},"loc":{"start":{"line":294,"column":87},"end":{"line":314,"column":1}},"line":294},"19":{"name":"(anonymous_19)","decl":{"start":{"line":316,"column":19},"end":{"line":316,"column":20}},"loc":{"start":{"line":316,"column":33},"end":{"line":324,"column":1}},"line":316},"20":{"name":"(anonymous_20)","decl":{"start":{"line":317,"column":13},"end":{"line":317,"column":14}},"loc":{"start":{"line":317,"column":22},"end":{"line":323,"column":3}},"line":317}},"branchMap":{"0":{"loc":{"start":{"line":42,"column":4},"end":{"line":44,"column":5}},"type":"if","locations":[{"start":{"line":42,"column":4},"end":{"line":44,"column":5}},{"start":{},"end":{}}],"line":42},"1":{"loc":{"start":{"line":46,"column":4},"end":{"line":48,"column":5}},"type":"if","locations":[{"start":{"line":46,"column":4},"end":{"line":48,"column":5}},{"start":{},"end":{}}],"line":46},"2":{"loc":{"start":{"line":62,"column":4},"end":{"line":64,"column":5}},"type":"if","locations":[{"start":{"line":62,"column":4},"end":{"line":64,"column":5}},{"start":{},"end":{}}],"line":62},"3":{"loc":{"start":{"line":93,"column":4},"end":{"line":95,"column":5}},"type":"if","locations":[{"start":{"line":93,"column":4},"end":{"line":95,"column":5}},{"start":{},"end":{}}],"line":93},"4":{"loc":{"start":{"line":93,"column":8},"end":{"line":93,"column":63}},"type":"binary-expr","locations":[{"start":{"line":93,"column":8},"end":{"line":93,"column":18}},{"start":{"line":93,"column":22},"end":{"line":93,"column":31}},{"start":{"line":93,"column":35},"end":{"line":93,"column":41}},{"start":{"line":93,"column":45},"end":{"line":93,"column":54}},{"start":{"line":93,"column":58},"end":{"line":93,"column":63}}],"line":93},"5":{"loc":{"start":{"line":122,"column":2},"end":{"line":128,"column":3}},"type":"if","locations":[{"start":{"line":122,"column":2},"end":{"line":128,"column":3}},{"start":{"line":124,"column":9},"end":{"line":128,"column":3}}],"line":122},"6":{"loc":{"start":{"line":124,"column":9},"end":{"line":128,"column":3}},"type":"if","locations":[{"start":{"line":124,"column":9},"end":{"line":128,"column":3}},{"start":{"line":126,"column":9},"end":{"line":128,"column":3}}],"line":124},"7":{"loc":{"start":{"line":133,"column":2},"end":{"line":135,"column":3}},"type":"if","locations":[{"start":{"line":133,"column":2},"end":{"line":135,"column":3}},{"start":{},"end":{}}],"line":133},"8":{"loc":{"start":{"line":141,"column":2},"end":{"line":143,"column":3}},"type":"if","locations":[{"start":{"line":141,"column":2},"end":{"line":143,"column":3}},{"start":{},"end":{}}],"line":141},"9":{"loc":{"start":{"line":167,"column":2},"end":{"line":169,"column":3}},"type":"if","locations":[{"start":{"line":167,"column":2},"end":{"line":169,"column":3}},{"start":{},"end":{}}],"line":167},"10":{"loc":{"start":{"line":174,"column":4},"end":{"line":176,"column":5}},"type":"if","locations":[{"start":{"line":174,"column":4},"end":{"line":176,"column":5}},{"start":{},"end":{}}],"line":174},"11":{"loc":{"start":{"line":187,"column":2},"end":{"line":189,"column":3}},"type":"if","locations":[{"start":{"line":187,"column":2},"end":{"line":189,"column":3}},{"start":{},"end":{}}],"line":187},"12":{"loc":{"start":{"line":195,"column":4},"end":{"line":197,"column":5}},"type":"if","locations":[{"start":{"line":195,"column":4},"end":{"line":197,"column":5}},{"start":{},"end":{}}],"line":195},"13":{"loc":{"start":{"line":217,"column":2},"end":{"line":219,"column":3}},"type":"if","locations":[{"start":{"line":217,"column":2},"end":{"line":219,"column":3}},{"start":{},"end":{}}],"line":217},"14":{"loc":{"start":{"line":224,"column":4},"end":{"line":226,"column":5}},"type":"if","locations":[{"start":{"line":224,"column":4},"end":{"line":226,"column":5}},{"start":{},"end":{}}],"line":224},"15":{"loc":{"start":{"line":239,"column":2},"end":{"line":241,"column":3}},"type":"if","locations":[{"start":{"line":239,"column":2},"end":{"line":241,"column":3}},{"start":{},"end":{}}],"line":239},"16":{"loc":{"start":{"line":254,"column":2},"end":{"line":256,"column":3}},"type":"if","locations":[{"start":{"line":254,"column":2},"end":{"line":256,"column":3}},{"start":{},"end":{}}],"line":254},"17":{"loc":{"start":{"line":272,"column":2},"end":{"line":274,"column":3}},"type":"if","locations":[{"start":{"line":272,"column":2},"end":{"line":274,"column":3}},{"start":{},"end":{}}],"line":272},"18":{"loc":{"start":{"line":280,"column":4},"end":{"line":282,"column":5}},"type":"if","locations":[{"start":{"line":280,"column":4},"end":{"line":282,"column":5}},{"start":{},"end":{}}],"line":280},"19":{"loc":{"start":{"line":295,"column":2},"end":{"line":297,"column":3}},"type":"if","locations":[{"start":{"line":295,"column":2},"end":{"line":297,"column":3}},{"start":{},"end":{}}],"line":295},"20":{"loc":{"start":{"line":303,"column":4},"end":{"line":305,"column":5}},"type":"if","locations":[{"start":{"line":303,"column":4},"end":{"line":305,"column":5}},{"start":{},"end":{}}],"line":303},"21":{"loc":{"start":{"line":318,"column":4},"end":{"line":321,"column":5}},"type":"if","locations":[{"start":{"line":318,"column":4},"end":{"line":321,"column":5}},{"start":{},"end":{}}],"line":318}},"s":{"0":1,"1":1,"2":1,"3":1,"4":1,"5":1,"6":1,"7":1,"8":1,"9":1,"10":1,"11":1,"12":1,"13":1,"14":1,"15":1,"16":1,"17":1,"18":1,"19":1,"20":1,"21":1,"22":1,"23":1,"24":1,"25":0,"26":0,"27":0,"28":0,"29":0,"30":0,"31":0,"32":0,"33":0,"34":1,"35":0,"36":1,"37":0,"38":0,"39":0,"40":0,"41":0,"42":0,"43":1,"44":6,"45":6,"46":1,"47":0,"48":1,"49":0,"50":1,"51":0,"52":0,"53":0,"54":0,"55":0,"56":0,"57":0,"58":0,"59":0,"60":1,"61":0,"62":1,"63":0,"64":0,"65":0,"66":0,"67":0,"68":1,"69":0,"70":0,"71":0,"72":1,"73":0,"74":0,"75":0,"76":0,"77":0,"78":0,"79":0,"80":0,"81":1,"82":0,"83":0,"84":0,"85":0,"86":0,"87":0,"88":0,"89":0,"90":0,"91":1,"92":0,"93":0,"94":0,"95":0,"96":0,"97":0,"98":0,"99":0,"100":0,"101":0,"102":0,"103":0,"104":0,"105":0,"106":0,"107":0,"108":0,"109":1,"110":0,"111":0,"112":0,"113":0,"114":0,"115":0,"116":0,"117":0,"118":0,"119":0,"120":1,"121":0,"122":0,"123":0,"124":0,"125":0,"126":0,"127":0,"128":1,"129":0,"130":0,"131":0,"132":0,"133":0,"134":0,"135":0,"136":0,"137":0,"138":0,"139":1,"140":0,"141":0,"142":0,"143":0,"144":0,"145":0,"146":0,"147":0,"148":0,"149":0,"150":0,"151":1,"152":0,"153":0,"154":0,"155":0,"156":0,"157":0,"158":0,"159":0,"160":0,"161":0,"162":0,"163":1,"164":6,"165":6,"166":0,"167":0,"168":6,"169":1},"f":{"0":0,"1":0,"2":0,"3":6,"4":0,"5":0,"6":0,"7":0,"8":0,"9":0,"10":0,"11":0,"12":0,"13":0,"14":0,"15":0,"16":0,"17":0,"18":0,"19":6,"20":6},"b":{"0":[0,0],"1":[0,0],"2":[0,0],"3":[0,0],"4":[0,0,0,0,0],"5":[0,0],"6":[0,0],"7":[0,0],"8":[0,0],"9":[0,0],"10":[0,0],"11":[0,0],"12":[0,0],"13":[0,0],"14":[0,0],"15":[0,0],"16":[0,0],"17":[0,0],"18":[0,0],"19":[0,0],"20":[0,0],"21":[0,6]},"inputSourceMap":null,"_coverageSchema":"1a1c01bbd47fc00a2c39e90264f33305004495a9","hash":"75b54481f6406d99c83abd41113d49c5a774402f"}
,"C:\\Users\\mahes\\Desktop\\mahi\\models\\event.js": {"path":"C:\\Users\\mahes\\Desktop\\mahi\\models\\event.js","statementMap":{"0":{"start":{"line":4,"column":4},"end":{"line":4,"column":24}},"1":{"start":{"line":5,"column":0},"end":{"line":54,"column":2}},"2":{"start":{"line":8,"column":6},"end":{"line":8,"column":62}},"3":{"start":{"line":9,"column":6},"end":{"line":13,"column":9}},"4":{"start":{"line":16,"column":2},"end":{"line":52,"column":5}},"5":{"start":{"line":53,"column":2},"end":{"line":53,"column":15}}},"fnMap":{"0":{"name":"(anonymous_0)","decl":{"start":{"line":5,"column":17},"end":{"line":5,"column":18}},"loc":{"start":{"line":5,"column":43},"end":{"line":54,"column":1}},"line":5},"1":{"name":"(anonymous_1)","decl":{"start":{"line":7,"column":4},"end":{"line":7,"column":5}},"loc":{"start":{"line":7,"column":29},"end":{"line":14,"column":5}},"line":7}},"branchMap":{},"s":{"0":1,"1":1,"2":1,"3":1,"4":1,"5":1},"f":{"0":1,"1":1},"b":{},"inputSourceMap":null,"_coverageSchema":"1a1c01bbd47fc00a2c39e90264f33305004495a9","hash":"7c528dd508058649a53c39df72806e143d093c28"}
,"C:\\Users\\mahes\\Desktop\\mahi\\models\\index.js": {"path":"C:\\Users\\mahes\\Desktop\\mahi\\models\\index.js","statementMap":{"0":{"start":{"line":3,"column":11},"end":{"line":3,"column":24}},"1":{"start":{"line":4,"column":13},"end":{"line":4,"column":28}},"2":{"start":{"line":5,"column":18},"end":{"line":5,"column":38}},"3":{"start":{"line":6,"column":16},"end":{"line":6,"column":34}},"4":{"start":{"line":7,"column":17},"end":{"line":7,"column":42}},"5":{"start":{"line":8,"column":12},"end":{"line":8,"column":49}},"6":{"start":{"line":9,"column":15},"end":{"line":9,"column":65}},"7":{"start":{"line":10,"column":11},"end":{"line":10,"column":13}},"8":{"start":{"line":13,"column":0},"end":{"line":17,"column":1}},"9":{"start":{"line":14,"column":2},"end":{"line":14,"column":74}},"10":{"start":{"line":16,"column":2},"end":{"line":16,"column":87}},"11":{"start":{"line":19,"column":0},"end":{"line":32,"column":5}},"12":{"start":{"line":22,"column":4},"end":{"line":27,"column":6}},"13":{"start":{"line":30,"column":18},"end":{"line":30,"column":85}},"14":{"start":{"line":31,"column":4},"end":{"line":31,"column":27}},"15":{"start":{"line":34,"column":0},"end":{"line":38,"column":3}},"16":{"start":{"line":35,"column":2},"end":{"line":37,"column":3}},"17":{"start":{"line":36,"column":4},"end":{"line":36,"column":32}},"18":{"start":{"line":40,"column":0},"end":{"line":40,"column":25}},"19":{"start":{"line":41,"column":0},"end":{"line":41,"column":25}},"20":{"start":{"line":43,"column":0},"end":{"line":43,"column":20}}},"fnMap":{"0":{"name":"(anonymous_0)","decl":{"start":{"line":21,"column":10},"end":{"line":21,"column":11}},"loc":{"start":{"line":21,"column":18},"end":{"line":28,"column":3}},"line":21},"1":{"name":"(anonymous_1)","decl":{"start":{"line":29,"column":11},"end":{"line":29,"column":12}},"loc":{"start":{"line":29,"column":19},"end":{"line":32,"column":3}},"line":29},"2":{"name":"(anonymous_2)","decl":{"start":{"line":34,"column":24},"end":{"line":34,"column":25}},"loc":{"start":{"line":34,"column":37},"end":{"line":38,"column":1}},"line":34}},"branchMap":{"0":{"loc":{"start":{"line":8,"column":12},"end":{"line":8,"column":49}},"type":"binary-expr","locations":[{"start":{"line":8,"column":12},"end":{"line":8,"column":32}},{"start":{"line":8,"column":36},"end":{"line":8,"column":49}}],"line":8},"1":{"loc":{"start":{"line":13,"column":0},"end":{"line":17,"column":1}},"type":"if","locations":[{"start":{"line":13,"column":0},"end":{"line":17,"column":1}},{"start":{"line":15,"column":7},"end":{"line":17,"column":1}}],"line":13},"2":{"loc":{"start":{"line":23,"column":6},"end":{"line":26,"column":37}},"type":"binary-expr","locations":[{"start":{"line":23,"column":6},"end":{"line":23,"column":29}},{"start":{"line":24,"column":6},"end":{"line":24,"column":23}},{"start":{"line":25,"column":6},"end":{"line":25,"column":30}},{"start":{"line":26,"column":6},"end":{"line":26,"column":37}}],"line":23},"3":{"loc":{"start":{"line":35,"column":2},"end":{"line":37,"column":3}},"type":"if","locations":[{"start":{"line":35,"column":2},"end":{"line":37,"column":3}},{"start":{},"end":{}}],"line":35}},"s":{"0":1,"1":1,"2":1,"3":1,"4":1,"5":1,"6":1,"7":1,"8":1,"9":0,"10":1,"11":1,"12":4,"13":3,"14":3,"15":1,"16":3,"17":3,"18":1,"19":1,"20":1},"f":{"0":4,"1":3,"2":3},"b":{"0":[1,0],"1":[0,1],"2":[4,4,3,3],"3":[3,0]},"inputSourceMap":null,"_coverageSchema":"1a1c01bbd47fc00a2c39e90264f33305004495a9","hash":"3cfae122847a6744692fa84c1f1596f7b5977553"}
,"C:\\Users\\mahes\\Desktop\\mahi\\models\\playerevent.js": {"path":"C:\\Users\\mahes\\Desktop\\mahi\\models\\playerevent.js","statementMap":{"0":{"start":{"line":4,"column":0},"end":{"line":43,"column":2}},"1":{"start":{"line":5,"column":22},"end":{"line":27,"column":8}},"2":{"start":{"line":29,"column":2},"end":{"line":40,"column":4}},"3":{"start":{"line":30,"column":4},"end":{"line":34,"column":7}},"4":{"start":{"line":35,"column":4},"end":{"line":39,"column":7}},"5":{"start":{"line":42,"column":2},"end":{"line":42,"column":21}}},"fnMap":{"0":{"name":"(anonymous_0)","decl":{"start":{"line":4,"column":17},"end":{"line":4,"column":18}},"loc":{"start":{"line":4,"column":43},"end":{"line":43,"column":1}},"line":4},"1":{"name":"(anonymous_1)","decl":{"start":{"line":29,"column":26},"end":{"line":29,"column":27}},"loc":{"start":{"line":29,"column":43},"end":{"line":40,"column":3}},"line":29}},"branchMap":{},"s":{"0":1,"1":1,"2":1,"3":1,"4":1,"5":1},"f":{"0":1,"1":1},"b":{},"inputSourceMap":null,"_coverageSchema":"1a1c01bbd47fc00a2c39e90264f33305004495a9","hash":"9b9f7536af1ee4b177256824718d4634804d9490"}
,"C:\\Users\\mahes\\Desktop\\mahi\\models\\user.js": {"path":"C:\\Users\\mahes\\Desktop\\mahi\\models\\user.js","statementMap":{"0":{"start":{"line":4,"column":4},"end":{"line":4,"column":24}},"1":{"start":{"line":5,"column":0},"end":{"line":32,"column":2}},"2":{"start":{"line":13,"column":6},"end":{"line":13,"column":60}},"3":{"start":{"line":14,"column":6},"end":{"line":18,"column":9}},"4":{"start":{"line":21,"column":2},"end":{"line":30,"column":5}},"5":{"start":{"line":31,"column":2},"end":{"line":31,"column":14}}},"fnMap":{"0":{"name":"(anonymous_0)","decl":{"start":{"line":5,"column":17},"end":{"line":5,"column":18}},"loc":{"start":{"line":5,"column":43},"end":{"line":32,"column":1}},"line":5},"1":{"name":"(anonymous_1)","decl":{"start":{"line":12,"column":4},"end":{"line":12,"column":5}},"loc":{"start":{"line":12,"column":29},"end":{"line":19,"column":5}},"line":12}},"branchMap":{},"s":{"0":1,"1":1,"2":1,"3":1,"4":1,"5":1},"f":{"0":1,"1":1},"b":{},"inputSourceMap":null,"_coverageSchema":"1a1c01bbd47fc00a2c39e90264f33305004495a9","hash":"9aac308fdc44a198eabd436efac0c69c273d56d3"}
}
