TN:
SF:app.js
FN:39,(anonymous_0)
FN:55,(anonymous_1)
FN:59,(anonymous_2)
FN:72,(anonymous_3)
FN:79,(anonymous_4)
FN:83,(anonymous_5)
FN:89,(anonymous_6)
FN:114,(anonymous_7)
FN:121,(anonymous_8)
FN:132,(anonymous_9)
FN:140,(anonymous_10)
FN:166,(anonymous_11)
FN:186,(anonymous_12)
FN:216,(anonymous_13)
FN:238,(anonymous_14)
FN:253,(anonymous_15)
FN:261,(anonymous_16)
FN:271,(anonymous_17)
FN:294,(anonymous_18)
FN:316,(anonymous_19)
FN:317,(anonymous_20)
FNF:21
FNH:3
FNDA:0,(anonymous_0)
FNDA:0,(anonymous_1)
FNDA:0,(anonymous_2)
FNDA:6,(anonymous_3)
FNDA:0,(anonymous_4)
FNDA:0,(anonymous_5)
FNDA:0,(anonymous_6)
FNDA:0,(anonymous_7)
FNDA:0,(anonymous_8)
FNDA:0,(anonymous_9)
FNDA:0,(anonymous_10)
FNDA:0,(anonymous_11)
FNDA:0,(anonymous_12)
FNDA:0,(anonymous_13)
FNDA:0,(anonymous_14)
FNDA:0,(anonymous_15)
FNDA:0,(anonymous_16)
FNDA:0,(anonymous_17)
FNDA:0,(anonymous_18)
FNDA:6,(anonymous_19)
FNDA:6,(anonymous_20)
DA:1,1
DA:2,1
DA:3,1
DA:4,1
DA:5,1
DA:6,1
DA:7,1
DA:8,1
DA:9,1
DA:10,1
DA:11,1
DA:12,1
DA:13,1
DA:14,1
DA:16,1
DA:17,1
DA:18,1
DA:19,1
DA:20,1
DA:22,1
DA:23,1
DA:25,1
DA:32,1
DA:33,1
DA:36,1
DA:40,0
DA:41,0
DA:42,0
DA:43,0
DA:45,0
DA:46,0
DA:47,0
DA:49,0
DA:51,0
DA:55,1
DA:56,0
DA:59,1
DA:60,0
DA:61,0
DA:62,0
DA:63,0
DA:65,0
DA:67,0
DA:72,1
DA:73,6
DA:74,6
DA:79,1
DA:80,0
DA:83,1
DA:84,0
DA:89,1
DA:90,0
DA:91,0
DA:93,0
DA:94,0
DA:97,0
DA:99,0
DA:107,0
DA:109,0
DA:110,0
DA:114,1
DA:115,0
DA:118,1
DA:122,0
DA:123,0
DA:124,0
DA:125,0
DA:127,0
DA:132,1
DA:133,0
DA:134,0
DA:136,0
DA:140,1
DA:141,0
DA:142,0
DA:145,0
DA:146,0
DA:148,0
DA:158,0
DA:160,0
DA:161,0
DA:166,1
DA:167,0
DA:168,0
DA:171,0
DA:172,0
DA:174,0
DA:175,0
DA:178,0
DA:180,0
DA:181,0
DA:186,1
DA:187,0
DA:188,0
DA:191,0
DA:192,0
DA:193,0
DA:195,0
DA:196,0
DA:199,0
DA:200,0
DA:201,0
DA:202,0
DA:203,0
DA:204,0
DA:206,0
DA:208,0
DA:210,0
DA:211,0
DA:216,1
DA:217,0
DA:218,0
DA:221,0
DA:222,0
DA:224,0
DA:225,0
DA:228,0
DA:230,0
DA:232,0
DA:233,0
DA:238,1
DA:239,0
DA:240,0
DA:243,0
DA:244,0
DA:245,0
DA:247,0
DA:248,0
DA:253,1
DA:254,0
DA:255,0
DA:258,0
DA:259,0
DA:260,0
DA:261,0
DA:263,0
DA:265,0
DA:266,0
DA:271,1
DA:272,0
DA:273,0
DA:276,0
DA:277,0
DA:278,0
DA:280,0
DA:281,0
DA:284,0
DA:286,0
DA:288,0
DA:289,0
DA:294,1
DA:295,0
DA:296,0
DA:299,0
DA:300,0
DA:301,0
DA:303,0
DA:304,0
DA:307,0
DA:309,0
DA:311,0
DA:312,0
DA:316,1
DA:317,6
DA:318,6
DA:319,0
DA:320,0
DA:322,6
DA:327,1
LF:169
LH:49
BRDA:42,0,0,0
BRDA:42,0,1,0
BRDA:46,1,0,0
BRDA:46,1,1,0
BRDA:62,2,0,0
BRDA:62,2,1,0
BRDA:93,3,0,0
BRDA:93,3,1,0
BRDA:93,4,0,0
BRDA:93,4,1,0
BRDA:93,4,2,0
BRDA:93,4,3,0
BRDA:93,4,4,0
BRDA:122,5,0,0
BRDA:122,5,1,0
BRDA:124,6,0,0
BRDA:124,6,1,0
BRDA:133,7,0,0
BRDA:133,7,1,0
BRDA:141,8,0,0
BRDA:141,8,1,0
BRDA:167,9,0,0
BRDA:167,9,1,0
BRDA:174,10,0,0
BRDA:174,10,1,0
BRDA:187,11,0,0
BRDA:187,11,1,0
BRDA:195,12,0,0
BRDA:195,12,1,0
BRDA:217,13,0,0
BRDA:217,13,1,0
BRDA:224,14,0,0
BRDA:224,14,1,0
BRDA:239,15,0,0
BRDA:239,15,1,0
BRDA:254,16,0,0
BRDA:254,16,1,0
BRDA:272,17,0,0
BRDA:272,17,1,0
BRDA:280,18,0,0
BRDA:280,18,1,0
BRDA:295,19,0,0
BRDA:295,19,1,0
BRDA:303,20,0,0
BRDA:303,20,1,0
BRDA:318,21,0,0
BRDA:318,21,1,6
BRF:47
BRH:1
end_of_record
TN:
SF:models\event.js
FN:5,(anonymous_0)
FN:7,(anonymous_1)
FNF:2
FNH:2
FNDA:1,(anonymous_0)
FNDA:1,(anonymous_1)
DA:4,1
DA:5,1
DA:8,1
DA:9,1
DA:16,1
DA:53,1
LF:6
LH:6
BRF:0
BRH:0
end_of_record
TN:
SF:models\index.js
FN:21,(anonymous_0)
FN:29,(anonymous_1)
FN:34,(anonymous_2)
FNF:3
FNH:3
FNDA:4,(anonymous_0)
FNDA:3,(anonymous_1)
FNDA:3,(anonymous_2)
DA:3,1
DA:4,1
DA:5,1
DA:6,1
DA:7,1
DA:8,1
DA:9,1
DA:10,1
DA:13,1
DA:14,0
DA:16,1
DA:19,1
DA:22,4
DA:30,3
DA:31,3
DA:34,1
DA:35,3
DA:36,3
DA:40,1
DA:41,1
DA:43,1
LF:21
LH:20
BRDA:8,0,0,1
BRDA:8,0,1,0
BRDA:13,1,0,0
BRDA:13,1,1,1
BRDA:23,2,0,4
BRDA:23,2,1,4
BRDA:23,2,2,3
BRDA:23,2,3,3
BRDA:35,3,0,3
BRDA:35,3,1,0
BRF:10
BRH:7
end_of_record
TN:
SF:models\playerevent.js
FN:4,(anonymous_0)
FN:29,(anonymous_1)
FNF:2
FNH:2
FNDA:1,(anonymous_0)
FNDA:1,(anonymous_1)
DA:4,1
DA:5,1
DA:29,1
DA:30,1
DA:35,1
DA:42,1
LF:6
LH:6
BRF:0
BRH:0
end_of_record
TN:
SF:models\user.js
FN:5,(anonymous_0)
FN:12,(anonymous_1)
FNF:2
FNH:2
FNDA:1,(anonymous_0)
FNDA:1,(anonymous_1)
DA:4,1
DA:5,1
DA:13,1
DA:14,1
DA:21,1
DA:31,1
LF:6
LH:6
BRF:0
BRH:0
end_of_record
